2013 01 13 00:21:04 MANAGERM    STAR_APP 
2013 01 13 01:49:26 MANAGERM    STAR_APP 
2013 01 14 15:58:41 MANAGERM    STAR_APP 
2013 01 15 23:07:35 MANAGERM    STAR_APP 
2013 01 15 23:08:07 MANAGERM    STAR_APP 
2013 01 15 23:08:41 MANAGERM    STAR_APP 
2013 01 15 23:12:57 MANAGERM    STAR_APP 
2013 01 15 23:13:17 MANAGERM    STAR_APP 
2013 01 15 23:17:22 MANAGERM    STAR_APP 
2013 01 15 23:19:26 MANAGERM    STAR_APP 
2013 01 15 23:30:38 MANAGERM    STAR_APP 
2013 01 15 23:38:57 MANAGERM    STAR_APP 
2013 01 15 23:39:51 MANAGERM    STAR_APP 
2013 01 15 23:41:24 MANAGERM    STAR_APP 
2013 01 16 17:21:46 MANAGERM    STAR_APP 
2013 01 16 18:08:42 MANAGERM    STAR_APP 
2013 01 16 18:08:59 MANAGERM    STAR_APP 
2013 01 16 18:09:03 MANAGERM    STAR_APP 
2013 01 16 18:10:23 MANAGERM    STAR_APP 
2013 01 16 18:11:25 MANAGERM    STAR_APP 
2013 01 16 18:11:52 MANAGERM    STAR_APP 
2013 01 16 18:13:20 MANAGERM    STAR_APP 
2013 01 16 18:13:29 MANAGERM    STAR_APP 
2013 01 16 18:13:55 MANAGERM    STAR_APP 
2013 01 16 18:17:19 MANAGERM    STAR_APP 
2013 01 16 22:32:29 MANAGERM    STAR_APP 
2013 01 16 22:40:12 MANAGERM    STAR_APP 
2013 01 16 22:40:54 MANAGERM    STAR_APP 
2013 01 16 22:42:11 MANAGERM    STAR_APP 
2013 01 16 22:42:52 MANAGERM    STAR_APP 
2013 01 16 22:44:11 MANAGERM    STAR_APP 
2013 01 16 23:57:50 MANAGERM    STAR_APP 
2013 01 17 00:05:44 MANAGERM    STAR_APP HELLO
2013 01 17 00:07:49 MANAGERM    STAR_APP HELLO
2013 01 17 00:15:17 MANAGERM    STAR_APP HELLO
2013 01 17 00:16:52 MANAGERM    STAR_APP 
2013 01 17 00:26:56 MANAGERM    STAR_APP 
2013 01 17 00:33:10 MANAGERM    STAR_APP 
2013 01 17 00:36:05 MANAGERM    STAR_APP 
2013 01 17 00:37:53 MANAGERM    STAR_APP 
2013 02 16 20:58:40 MANAGERM    STAR_APP 
2013 02 16 20:59:58 MANAGERM    STAR_APP 
2013 02 16 21:02:41 MANAGERM    STAR_APP 
2013 02 16 21:03:40 MANAGERM    STAR_APP 
2013 02 16 21:03:44 MANAGERM    STAR_APP 
2013 02 16 21:05:21 MANAGERM    STAR_APP 
2013 02 16 21:05:27 MANAGERM    STAR_APP 
2013 02 16 21:18:15 MANAGERM    STAR_APP 
2013 02 16 21:20:04 MANAGERM    STAR_APP 
2013 02 16 21:21:02 MANAGERM    STAR_APP 
2013 02 16 21:23:51 MANAGERM    STAR_APP 
2013 02 16 21:25:08 MANAGERM    STAR_APP 
2013 02 16 21:26:05 MANAGERM    STAR_APP 
2013 02 16 21:29:37 MANAGERM    STAR_APP 
2013 02 16 21:31:14 MANAGERM    STAR_APP 
2013 02 16 21:32:33 MANAGERM    STAR_APP 
2013 02 16 21:37:33 MANAGERM    STAR_APP 
2013 02 16 21:37:52 MANAGERM    STAR_APP 
2013 02 16 21:39:14 MANAGERM    STAR_APP 
2013 02 16 21:40:02 MANAGERM    STAR_APP 
2013 02 16 21:40:07 MANAGERM    STAR_APP 
2013 02 17 09:50:26 MANAGERM    STAR_APP 
2013 02 17 09:51:18 MANAGERM    STAR_APP 
2013 02 17 09:52:24 MANAGERM    STAR_APP 
2013 02 17 09:54:50 MANAGERM    STAR_APP 
2013 02 17 09:55:56 MANAGERM    STAR_APP 
2013 02 17 09:59:32 MANAGERM    STAR_APP 
2013 02 17 09:59:46 MANAGERM    STAR_APP 
2013 02 17 10:00:39 MANAGERM    STAR_APP 
2013 02 17 11:59:12 MANAGERM    STAR_APP 
2013 02 17 12:24:06 MANAGERM    STAR_APP 
2013 02 17 12:24:36 MANAGERM    STAR_APP 
2013 02 17 12:26:49 MANAGERM    STAR_APP 
2013 02 17 12:29:23 MANAGERM    STAR_APP 
2013 02 17 12:31:30 MANAGERM    STAR_APP 
2013 02 17 12:32:16 MANAGERM    STAR_APP 
2013 02 17 12:33:00 MANAGERM    STAR_APP 
2013 02 17 12:34:56 MANAGERM    STAR_APP 
2013 02 17 12:39:32 MANAGERM    STAR_APP 
2013 02 17 12:42:03 MANAGERM    STAR_APP 
2013 02 17 13:12:46 MANAGERM    STAR_APP 
2013 02 17 13:35:04 MANAGERM    STAR_APP 
2013 02 17 13:37:59 MANAGERM    STAR_APP 
2013 02 17 13:43:24 MANAGERM    STAR_APP 
2013 02 17 13:43:48 MANAGERM    STAR_APP 
2013 02 17 13:55:27 MANAGERM    STAR_APP 
2013 02 17 13:58:11 MANAGERM    STAR_APP 
2013 02 17 13:59:37 MANAGERM    STAR_APP 
2013 02 17 17:14:12 MANAGERM    STAR_APP 
2013 02 17 17:19:08 MANAGERM    STAR_APP 
2013 02 17 17:26:18 MANAGERM    STAR_APP 
2013 02 17 17:27:48 MANAGERM    STAR_APP 
2013 02 17 17:28:30 MANAGERM    STAR_APP 
2013 02 17 17:41:09 MANAGERM    STAR_APP 
2013 02 17 17:48:34 MANAGERM    STAR_APP 
2013 02 17 17:50:12 MANAGERM    STAR_APP 
2013 02 17 17:55:50 MANAGERM    STAR_APP 
2013 02 17 17:57:41 MANAGERM    STAR_APP 
2013 02 17 17:58:16 MANAGERM    STAR_APP 
2013 02 17 17:58:58 MANAGERM    STAR_APP 
2013 02 17 18:06:37 MANAGERM    STAR_APP 
2013 02 17 18:08:36 MANAGERM    STAR_APP 
2013 02 17 18:10:02 MANAGERM    STAR_APP 
2013 02 17 18:10:46 MANAGERM    STAR_APP 
2013 02 17 18:14:20 MANAGERM    STAR_APP 
2013 02 17 18:16:11 MANAGERM    STAR_APP 
2013 02 17 18:18:19 MANAGERM    STAR_APP 
2013 02 17 18:20:30 MANAGERM    STAR_APP 
2013 02 17 20:53:09 MANAGERM    STAR_APP 
2013 02 17 20:59:53 MANAGERM    STAR_APP 
2013 02 17 21:02:16 MANAGERM    STAR_APP 
2013 02 17 21:18:20 MANAGERM    STAR_APP 
2013 02 17 22:06:33 MANAGERM    STAR_APP 
2013 02 17 22:12:19 MANAGERM    STAR_APP 
2013 02 17 22:15:07 MANAGERM    STAR_APP 
2013 02 17 22:17:11 MANAGERM    STAR_APP 
2013 02 17 22:18:35 MANAGERM    STAR_APP 
2013 02 17 22:20:52 MANAGERM    STAR_APP 
2013 02 17 22:23:05 MANAGERM    STAR_APP 
2013 02 17 22:23:45 MANAGERM    STAR_APP 
2013 02 17 22:25:19 MANAGERM    STAR_APP 
2013 02 17 22:25:54 MANAGERM    STAR_APP 
2013 02 17 22:26:45 MANAGERM    STAR_APP 
2013 02 17 22:28:34 MANAGERM    STAR_APP 
2013 02 17 22:33:02 MANAGERM    STAR_APP 
2013 02 18 12:58:23 MANAGERM    STAR_APP 
2013 02 18 13:01:10 MANAGERM    STAR_APP 
2013 02 18 13:14:54 MANAGERM    STAR_APP 
2013 02 18 13:46:27 MANAGERM    STAR_APP 
2013 02 18 13:56:30 MANAGERM    STAR_APP 
2013 02 18 13:57:41 MANAGERM    STAR_APP 
2013 02 18 14:00:05 MANAGERM    STAR_APP 
2013 02 18 14:02:38 MANAGERM    STAR_APP 
2013 02 18 14:03:47 MANAGERM    STAR_APP 
2013 02 18 14:04:00 MANAGERM    STAR_APP 
2013 02 18 14:04:55 MANAGERM    STAR_APP 
2013 02 18 14:08:57 MANAGERM    STAR_APP 
2013 02 18 14:12:11 MANAGERM    STAR_APP 
2013 02 18 14:17:41 MANAGERM    STAR_APP 
2013 02 18 14:20:05 MANAGERM    STAR_APP 
2013 02 18 14:21:17 MANAGERM    STAR_APP 
2013 02 18 17:29:06 MANAGERM    STAR_APP 
2013 02 18 17:40:53 MANAGERM    STAR_APP 
2013 02 18 17:45:20 MANAGERM    STAR_APP 
2013 02 18 17:46:33 MANAGERM    STAR_APP 
2013 02 18 18:01:25 MANAGERM    STAR_APP 
2013 02 18 18:10:44 MANAGERM    STAR_APP 
2013 02 18 18:21:14 MANAGERM    STAR_APP 
2013 02 20 10:27:10 MANAGERM    STAR_APP 
2013 02 21 15:35:07 MANAGERM    STAR_APP 
2013 02 21 15:50:16 MANAGERM    STAR_APP 
2013 02 21 16:00:46 MANAGERM    STAR_APP 
2013 02 21 16:02:01 MANAGERM    STAR_APP 
2013 02 21 16:03:07 MANAGERM    STAR_APP 
2013 02 21 17:02:36 MANAGERM    STAR_APP 
2013 02 21 17:03:53 MANAGERM    STAR_APP 
2013 02 21 17:05:12 MANAGERM    STAR_APP 
2013 02 21 17:10:41 MANAGERM    STAR_APP 
2013 02 21 17:12:46 MANAGERM    STAR_APP 
2013 02 21 17:14:05 MANAGERM    STAR_APP 
2013 02 21 17:15:49 MANAGERM    STAR_APP 
2013 02 21 17:18:05 MANAGERM    STAR_APP 
2013 02 21 17:24:20 MANAGERM    STAR_APP 
2013 02 21 17:32:18 MANAGERM    STAR_APP 
2013 02 21 17:34:06 MANAGERM    STAR_APP 
2013 02 21 17:38:24 MANAGERM    STAR_APP 
2013 02 21 17:39:41 MANAGERM    STAR_APP 
2013 02 21 17:44:00 MANAGERM    STAR_APP 
2013 02 21 17:46:28 MANAGERM    STAR_APP 
2013 02 21 17:47:57 MANAGERM    STAR_APP 
2013 02 21 17:50:52 MANAGERM    STAR_APP 
2013 02 21 17:51:43 MANAGERM    STAR_APP 
2013 02 21 17:54:54 MANAGERM    STAR_APP 
2013 02 21 17:56:04 MANAGERM    STAR_APP 
2013 02 21 17:57:12 MANAGERM    STAR_APP 
2013 02 21 17:58:25 MANAGERM    STAR_APP 
2013 02 21 18:01:18 MANAGERM    STAR_APP 
2013 02 21 18:05:10 MANAGERM    STAR_APP 
2013 02 21 18:11:58 MANAGERM    STAR_APP 
2013 02 21 18:14:26 MANAGERM    STAR_APP 
2013 02 21 18:40:39 MANAGERM    STAR_APP 
2013 02 21 18:42:04 MANAGERM    STAR_APP 
2013 02 21 18:43:07 MANAGERM    STAR_APP 
2013 02 21 18:44:19 MANAGERM    STAR_APP 
2013 02 21 19:48:47 MANAGERM    STAR_APP 
2013 02 21 20:02:00 MANAGERM    STAR_APP 
2013 02 21 20:02:37 MANAGERM    STAR_APP 
2013 02 21 20:02:48 MANAGERM    STAR_APP 
2013 02 21 20:04:10 MANAGERM    STAR_APP 
2013 02 21 20:08:35 MANAGERM    STAR_APP 
2013 02 21 20:10:16 MANAGERM    STAR_APP 
2013 02 21 20:11:48 MANAGERM    STAR_APP 
2013 02 21 20:13:00 MANAGERM    STAR_APP 
2013 02 21 20:14:20 MANAGERM    STAR_APP 
2013 02 21 20:15:28 MANAGERM    STAR_APP 
2013 02 22 10:41:45 MANAGERM    STAR_APP 
2013 02 22 10:55:57 MANAGERM    STAR_APP 
2013 02 22 10:56:25 MANAGERM   construct_0 STAR_APP 
2013 02 22 10:56:25 MANAGERM   mf_set_descripcion STAR_APP 
2013 02 22 10:56:25 MANAGERM   mf_add STAR_APP 
2013 02 22 10:56:25 MANAGERM   mf_add OK 
2013 02 22 11:07:42 MANAGERM    STAR_APP 
2013 02 22 11:08:09 MANAGERM   construct_0  
2013 02 22 11:08:09 MANAGERM   mf_set_descripcion  
2013 02 22 11:08:09 MANAGERM   mf_add  
2013 02 22 11:08:09 MANAGERM   mf_add OK 
2013 02 22 14:06:43 MANAGERM    STAR_APP 
2013 02 22 14:32:14 MANAGERM    STAR_APP 
2013 02 22 14:36:12 MANAGERM    STAR_APP 
2013 02 22 14:37:21 MANAGERM    STAR_APP 
2013 02 22 14:55:16 MANAGERM    STAR_APP 
2013 02 22 18:12:42 MANAGERM    STAR_APP 
2013 02 22 18:14:19 MANAGERM    STAR_APP 
2013 02 23 12:27:01 MANAGERM    STAR_APP 
2013 02 23 12:29:36 MANAGERM    STAR_APP 
2013 02 23 12:32:01 MANAGERM    STAR_APP 
2013 02 23 16:23:16 MANAGERM    STAR_APP 
2013 02 23 16:28:00 MANAGERM    STAR_APP 
2013 02 28 14:32:05 MANAGERM    STAR_APP 
2013 02 28 15:37:27 MANAGERM    STAR_APP 
2013 02 28 16:48:55 MANAGERM    STAR_APP 
2013 02 28 16:50:55 MANAGERM    STAR_APP 
2013 02 28 17:09:48 MANAGERM    STAR_APP 
2013 02 28 17:11:03 MANAGERM    STAR_APP 
2013 02 28 17:16:03 MANAGERM    STAR_APP 
2013 02 28 17:18:36 MANAGERM    STAR_APP 
2013 02 28 17:19:15 MANAGERM    STAR_APP 
2013 02 28 17:20:37 MANAGERM    STAR_APP 
2013 02 28 17:21:45 MANAGERM    STAR_APP 
2013 02 28 17:22:08 MANAGERM    STAR_APP 
2013 02 28 17:22:50 MANAGERM    STAR_APP 
2013 02 28 17:24:36 MANAGERM    STAR_APP 
2013 02 28 17:24:50 MANAGERM    STAR_APP 
2013 02 28 17:29:11 MANAGERM    STAR_APP 
2013 02 28 17:30:22 MANAGERM    STAR_APP 
2013 02 28 17:31:00 MANAGERM    STAR_APP 
2013 02 28 17:31:32 MANAGERM    STAR_APP 
2013 02 28 17:32:29 MANAGERM    STAR_APP 
2013 02 28 17:33:20 MANAGERM    STAR_APP 
2013 02 28 17:34:14 MANAGERM    STAR_APP 
2013 02 28 17:37:02 MANAGERM    STAR_APP 
2013 02 28 17:37:36 MANAGERM    STAR_APP 
2013 02 28 17:38:57 MANAGERM    STAR_APP 
2013 02 28 17:41:39 MANAGERM    STAR_APP 
2013 02 28 17:41:59 MANAGERM    STAR_APP 
2013 02 28 17:42:10 MANAGERM    STAR_APP 
2013 02 28 17:46:02 MANAGERM    STAR_APP 
2013 02 28 17:46:26 MANAGERM    STAR_APP 
2013 02 28 17:47:14 MANAGERM    STAR_APP 
2013 02 28 17:47:33 MANAGERM    STAR_APP 
2013 02 28 17:47:50 MANAGERM    STAR_APP 
2013 02 28 17:48:20 MANAGERM    STAR_APP 
2013 02 28 17:58:52 MANAGERM    STAR_APP 
2013 02 28 18:01:46 MANAGERM    STAR_APP 
2013 02 28 18:02:34 MANAGERM    STAR_APP 
2013 02 28 18:03:36 MANAGERM    STAR_APP 
2013 02 28 20:49:08 MANAGERM    STAR_APP 
2013 02 28 20:49:58 MANAGERM    STAR_APP 
2013 02 28 20:51:27 MANAGERM    STAR_APP 
2013 02 28 20:52:36 MANAGERM    STAR_APP 
2013 02 28 20:54:10 MANAGERM    STAR_APP 
2013 02 28 21:10:17 MANAGERM    STAR_APP 
2013 02 28 21:13:51 MANAGERM    STAR_APP 
2013 02 28 21:16:07 MANAGERM    STAR_APP 
2013 02 28 21:19:18 MANAGERM    STAR_APP 
2013 02 28 21:29:34 MANAGERM    STAR_APP 
2013 02 28 21:31:13 MANAGERM    STAR_APP 
2013 03 03 17:53:57 MANAGERM    STAR_APP 
2013 03 03 18:13:09 MANAGERM    STAR_APP 
2013 03 03 18:41:44 MANAGERM    STAR_APP 
2013 03 03 18:44:25 MANAGERM    STAR_APP 
2013 03 03 19:07:30 MANAGERM    STAR_APP 
2013 03 03 19:16:50 MANAGERM    STAR_APP 
2013 03 04 16:24:08 MANAGERM    STAR_APP 
2013 03 04 16:29:27 MANAGERM    STAR_APP 
2013 03 04 16:38:40 MANAGERM    STAR_APP 
2013 03 04 16:41:26 MANAGERM    STAR_APP 
2013 03 04 16:47:46 MANAGERM    STAR_APP 
2013 03 04 16:55:07 MANAGERM    STAR_APP 
2013 03 04 16:57:44 MANAGERM e_articulo  construct_0  
2013 03 04 16:57:44 MANAGERM e_articulo  mf_set_descripcion  
2013 03 04 16:57:44 MANAGERM e_articulo  mf_set_fk_grupo  
2013 03 04 16:57:44 MANAGERM e_articulo  mf_set_fk_marca  
2013 03 04 16:57:44 MANAGERM e_articulo  mf_set_fk_medida  
2013 03 04 16:57:44 MANAGERM e_articulo  mf_set_stock  
2013 03 04 16:57:44 MANAGERM e_articulo  mf_set_precio_lista  
2013 03 04 16:57:44 MANAGERM e_articulo  mf_add  
2013 03 04 16:57:44 MANAGERM e_articulo  mf_add OK 
2013 03 04 17:10:51 MANAGERM    STAR_APP 
2013 03 04 17:13:04 MANAGERM    STAR_APP 
2013 03 04 17:14:55 MANAGERM    STAR_APP 
2013 03 04 17:16:46 MANAGERM    STAR_APP 
2013 03 04 17:19:47 MANAGERM    STAR_APP 
2013 03 04 17:26:06 MANAGERM    STAR_APP 
2013 03 04 17:34:23 MANAGERM    STAR_APP 
2013 03 04 18:01:24 MANAGERM    STAR_APP 
2013 03 05 16:52:23 MANAGERM    STAR_APP 
2013 03 05 16:55:18 MANAGERM    STAR_APP 
2013 03 05 17:02:14 MANAGERM    STAR_APP 
2013 03 05 17:06:44 MANAGERM    STAR_APP 
2013 03 05 17:11:34 MANAGERM    STAR_APP 
2013 03 05 17:18:08 MANAGERM    STAR_APP 
2013 03 05 17:21:03 MANAGERM    STAR_APP 
2013 03 05 17:23:39 MANAGERM    STAR_APP 
2013 03 05 17:39:19 MANAGERM    STAR_APP 
2013 03 05 17:45:19 MANAGERM    STAR_APP 
2013 03 05 17:47:41 MANAGERM    STAR_APP 
2013 03 05 17:48:56 MANAGERM    STAR_APP 
2013 03 05 18:09:09 MANAGERM    STAR_APP 
2013 03 05 18:15:25 MANAGERM    STAR_APP 
2013 03 05 18:18:17 MANAGERM    STAR_APP 
2013 03 05 18:20:34 MANAGERM    STAR_APP 
2013 03 05 18:35:12 MANAGERM    STAR_APP 
2013 03 05 18:35:36 MANAGERM   getQuery  
2013 03 05 18:35:42 MANAGERM   getQuery  
2013 03 05 18:37:34 MANAGERM   getQuery  
2013 03 05 18:41:46 MANAGERM    STAR_APP 
2013 03 05 18:46:24 MANAGERM    STAR_APP 
2013 03 05 18:47:00 MANAGERM   getQuery  
2013 03 05 18:57:39 MANAGERM    STAR_APP 
2013 03 09 10:56:30 MANAGERM    STAR_APP 
2013 03 09 12:28:12 MANAGERM    STAR_APP 
2013 03 09 12:29:58 MANAGERM    STAR_APP 
2013 03 09 12:34:24 MANAGERM    STAR_APP 
2013 03 09 12:36:24 MANAGERM    STAR_APP 
2013 03 09 12:41:02 MANAGERM    STAR_APP 
2013 03 09 13:36:20 MANAGERM    STAR_APP 
2013 03 09 13:36:58 MANAGERM    STAR_APP 
2013 03 09 13:41:50 MANAGERM    STAR_APP 
2013 03 09 13:50:19 MANAGERM    STAR_APP 
2013 03 09 13:50:34 MANAGERM   getQuery  
2013 03 09 13:50:36 MANAGERM   getQuery  
2013 03 09 13:50:37 MANAGERM   getQuery  
2013 03 09 13:50:41 MANAGERM   getQuery  
2013 03 09 13:50:42 MANAGERM   getQuery  
2013 03 09 13:50:50 MANAGERM   getQuery  
2013 03 09 13:50:54 MANAGERM   getQuery  
2013 03 09 13:52:54 MANAGERM    STAR_APP 
2013 03 09 13:53:00 MANAGERM   getQuery  
2013 03 09 13:53:02 MANAGERM   getQuery  
2013 03 09 13:53:02 MANAGERM   getQuery  
2013 03 09 13:53:03 MANAGERM   getQuery  
2013 03 09 13:53:04 MANAGERM   getQuery  
2013 03 09 13:53:04 MANAGERM   getQuery  
2013 03 09 13:53:05 MANAGERM   getQuery  
2013 03 09 13:53:05 MANAGERM   getQuery  
2013 03 09 13:53:06 MANAGERM   getQuery  
2013 03 09 13:53:06 MANAGERM   getQuery  
2013 03 09 13:53:07 MANAGERM   getQuery  
2013 03 09 13:53:08 MANAGERM   getQuery  
2013 03 09 13:53:08 MANAGERM   getQuery  
2013 03 09 13:53:08 MANAGERM   getQuery  
2013 03 09 13:53:11 MANAGERM   getQuery  
2013 03 09 14:11:34 MANAGERM    STAR_APP 
2013 03 09 14:11:45 MANAGERM   getQuery  
2013 03 09 14:11:46 MANAGERM   getQuery  
2013 03 09 14:11:50 MANAGERM   getQuery  
2013 03 09 14:11:51 MANAGERM   getQuery  
2013 03 09 14:11:57 MANAGERM   getQuery  
2013 03 09 14:11:57 MANAGERM   getQuery  
2013 03 09 14:13:52 MANAGERM    STAR_APP 
2013 03 09 14:16:07 MANAGERM    STAR_APP 
2013 03 09 14:17:12 MANAGERM    STAR_APP 
2013 03 09 14:24:53 MANAGERM    STAR_APP 
2013 03 09 14:27:50 MANAGERM    STAR_APP 
2013 03 09 14:30:28 MANAGERM    STAR_APP 
2013 03 09 14:31:17 MANAGERM   getQuery  
2013 03 09 14:31:28 MANAGERM   getQuery  
2013 03 09 14:31:28 MANAGERM   getQuery  
2013 03 09 14:31:28 MANAGERM   getQuery  
2013 03 09 14:35:36 MANAGERM    STAR_APP 
2013 03 09 14:42:27 MANAGERM    STAR_APP 
